TN:
SF:/home/kimura/work/docker-multibranch-sample/client/src/components/Todo.vue
FN:17,(anonymous_0)
FN:18,(anonymous_1)
FN:20,(anonymous_2)
FNF:3
FNH:1
FNDA:1,(anonymous_0)
FNDA:0,(anonymous_1)
FNDA:0,(anonymous_2)
DA:18,1
DA:19,0
DA:21,0
DA:25,1
LF:4
LH:2
BRF:0
BRH:0
end_of_record
TN:
SF:/home/kimura/work/docker-multibranch-sample/client/src/App.vue
FNF:0
FNH:0
LF:0
LH:0
BRF:0
BRH:0
end_of_record
TN:
SF:/home/kimura/work/docker-multibranch-sample/client/src/router/index.js
FNF:0
FNH:0
DA:5,1
LF:1
LH:1
BRF:0
BRH:0
end_of_record
